<?xml version="1.0" encoding="UTF-8"?>
<testsuite xmlns:xsi="http://www.w3.org/2001/XMLSchema-instance" xsi:noNamespaceSchemaLocation="https://maven.apache.org/surefire/maven-surefire-plugin/xsd/surefire-test-report-3.0.xsd" version="3.0" name="com.myteam.tournament.MatchFactoryTest" time="0.201" tests="2" errors="0" skipped="0" failures="0">
  <properties>
[...]
</properties>
  <testcase name="createBO1Match" classname="com.myteam.tournament.MatchFactoryTest" time="0.178"/>
  <testcase name="createBO3Match" classname="com.myteam.tournament.MatchFactoryTest" time="0.002"/>
</testsuite>